rc.local
conf/serial-starter.d
etc/dbus-serialbattery/service/run
etc/dbus-serialbattery/service/log/run
etc/dbus-serialbattery/LICENSE
etc/dbus-serialbattery/README.md
etc/dbus-serialbattery/start-serialbattery.sh
etc/dbus-serialbattery/disabledriver.sh
etc/dbus-serialbattery/installlocal.sh
etc/dbus-serialbattery/installrelease.sh
etc/dbus-serialbattery/dbus-serialbattery.py
etc/dbus-serialbattery/dbushelper.py
etc/dbus-serialbattery/battery.py
etc/dbus-serialbattery/utils.py
etc/dbus-serialbattery/lltjbd.py
etc/dbus-serialbattery/daly.py
etc/dbus-serialbattery/ant.py
etc/dbus-serialbattery/util_max17853.py
etc/dbus-serialbattery/mnb.py
etc/dbus-serialbattery/jkbms.py
etc/dbus-serialbattery/sinowealth.py
